<?xml version="1.0" encoding="UTF-8"?>
<TestRun id="033b5a1d-eddd-4aa7-8987-66d680d3f0e7" name="student@KOMP055 2016-01-26 15:32:15" runUser="NMKZLLAB\student" xmlns="http://microsoft.com/schemas/VisualStudio/TeamTest/2010">
  <TestSettings name="Local" id="31046817-227f-4161-9a97-5d34efa999fb">
    <Description>These are default test settings for a local test run.</Description>
    <Deployment enabled="false" runDeploymentRoot="student_KOMP055 2016-01-26 15_32_15">
      <DeploymentItem filename="D:\Blog\Blog\Blog.DAL\bin\Debug\Blog.DAL.dll" />
      <DeploymentItem filename="D:\Blog\Blog\packages\DbTestHelpers\TDD.DbTestHelpers.dll" />
      <DeploymentItem filename="D:\Blog\Blog\packages\EntityFramework.5.0.0\lib\net40\EntityFramework.dll" />
      <DeploymentItem filename="D:\Blog\Blog\packages\DbTestHelpers\YamlDotNet.RepresentationModel.dll" />
      <DeploymentItem filename="D:\Blog\Blog\packages\DbTestHelpers\YamlDotNet.Core.dll" />
    </Deployment>
    <Execution>
      <TestTypeSpecific />
      <AgentRule name="Execution Agents">
      </AgentRule>
    </Execution>
  </TestSettings>
  <Times creation="2016-01-26T15:32:15.0969756+01:00" queuing="2016-01-26T15:32:15.3932996+01:00" start="2016-01-26T15:32:15.4244916+01:00" finish="2016-01-26T15:32:19.1519356+01:00" />
  <ResultSummary outcome="Failed">
    <Counters total="1" executed="1" error="0" failed="1" timeout="0" aborted="0" inconclusive="0" passedButRunAborted="0" notRunnable="0" notExecuted="0" disconnected="0" warning="0" passed="0" completed="0" inProgress="0" pending="0" />
  </ResultSummary>
  <TestDefinitions>
    <UnitTest name="GetAllPost_OnePostInDb_ReturnOnePost" storage="d:\blog\blog\blog.dal.tests\bin\debug\blog.dal.tests.dll" id="8eb3fc89-a933-3141-9fc4-10d31ead6588">
      <Execution id="8728e141-fcaf-41fe-a6c0-99646e26cd8b" />
      <TestMethod codeBase="D:/Blog/Blog/Blog.DAL.Tests/bin/Debug/Blog.DAL.Tests.DLL" adapterTypeName="Microsoft.VisualStudio.TestTools.TestTypes.Unit.UnitTestAdapter, Microsoft.VisualStudio.QualityTools.Tips.UnitTest.Adapter, Version=10.0.0.0, Culture=neutral, PublicKeyToken=b03f5f7f11d50a3a" className="Blog.DAL.Tests.RepositoryTests, Blog.DAL.Tests, Version=1.0.0.0, Culture=neutral, PublicKeyToken=null" name="GetAllPost_OnePostInDb_ReturnOnePost" />
    </UnitTest>
  </TestDefinitions>
  <TestLists>
    <TestList name="Results Not in a List" id="8c84fa94-04c1-424b-9868-57a2d4851a1d" />
    <TestList name="All Loaded Results" id="19431567-8539-422a-85d7-44ee4e166bda" />
  </TestLists>
  <TestEntries>
    <TestEntry testId="8eb3fc89-a933-3141-9fc4-10d31ead6588" executionId="8728e141-fcaf-41fe-a6c0-99646e26cd8b" testListId="8c84fa94-04c1-424b-9868-57a2d4851a1d" />
  </TestEntries>
  <Results>
    <UnitTestResult executionId="8728e141-fcaf-41fe-a6c0-99646e26cd8b" testId="8eb3fc89-a933-3141-9fc4-10d31ead6588" testName="GetAllPost_OnePostInDb_ReturnOnePost" computerName="KOMP055" duration="00:00:01.9314282" startTime="2016-01-26T15:32:15.4400876+01:00" endTime="2016-01-26T15:32:17.5143556+01:00" testType="13cdc9d9-ddb5-4fa4-a97d-d965ccfc6d4b" outcome="Failed" testListId="8c84fa94-04c1-424b-9868-57a2d4851a1d" relativeResultsDirectory="8728e141-fcaf-41fe-a6c0-99646e26cd8b">
      <Output>
        <ErrorInfo>
          <Message>Assert.AreEqual failed. Expected:&lt;1&gt;. Actual:&lt;0&gt;. </Message>
          <StackTrace>   at Blog.DAL.Tests.RepositoryTests.GetAllPost_OnePostInDb_ReturnOnePost() in D:\Blog\Blog\Blog.DAL.Tests\RepositoryTests.cs:line 27
</StackTrace>
        </ErrorInfo>
      </Output>
    </UnitTestResult>
  </Results>
</TestRun>