<?xml version="1.0" encoding="UTF-8"?>
<TestRun id="f8e8c910-d71a-4dda-97b1-d01e020842c6" name="student@KOMP055 2016-01-26 15:52:01" runUser="NMKZLLAB\student" xmlns="http://microsoft.com/schemas/VisualStudio/TeamTest/2010">
  <TestSettings name="Local" id="31046817-227f-4161-9a97-5d34efa999fb">
    <Description>These are default test settings for a local test run.</Description>
    <Deployment enabled="false" runDeploymentRoot="student_KOMP055 2016-01-26 15_52_01">
      <DeploymentItem filename="D:\Blog\Blog\Blog.DAL\bin\Debug\Blog.DAL.dll" />
      <DeploymentItem filename="D:\Blog\Blog\packages\DbTestHelpers\TDD.DbTestHelpers.dll" />
      <DeploymentItem filename="D:\Blog\Blog\packages\EntityFramework.5.0.0\lib\net40\EntityFramework.dll" />
      <DeploymentItem filename="D:\Blog\Blog\packages\DbTestHelpers\YamlDotNet.RepresentationModel.dll" />
      <DeploymentItem filename="D:\Blog\Blog\packages\DbTestHelpers\YamlDotNet.Core.dll" />
    </Deployment>
    <Execution>
      <TestTypeSpecific />
      <AgentRule name="Execution Agents">
      </AgentRule>
    </Execution>
  </TestSettings>
  <Times creation="2016-01-26T15:52:01.1579193+01:00" queuing="2016-01-26T15:52:01.2047142+01:00" start="2016-01-26T15:52:01.2047142+01:00" finish="2016-01-26T15:52:01.9918310+01:00" />
  <ResultSummary outcome="Completed">
    <Counters total="1" executed="1" passed="1" error="0" failed="0" timeout="0" aborted="0" inconclusive="0" passedButRunAborted="0" notRunnable="0" notExecuted="0" disconnected="0" warning="0" completed="0" inProgress="0" pending="0" />
  </ResultSummary>
  <TestDefinitions>
    <UnitTest name="GetAllPost_OnePostInDb_ReturnOnePost" storage="d:\blog\blog\blog.dal.tests\bin\debug\blog.dal.tests.dll" id="8eb3fc89-a933-3141-9fc4-10d31ead6588">
      <Execution id="8610424c-8282-4cf8-bab7-e71d3b69ab61" />
      <TestMethod codeBase="D:/Blog/Blog/Blog.DAL.Tests/bin/Debug/Blog.DAL.Tests.DLL" adapterTypeName="Microsoft.VisualStudio.TestTools.TestTypes.Unit.UnitTestAdapter, Microsoft.VisualStudio.QualityTools.Tips.UnitTest.Adapter, Version=10.0.0.0, Culture=neutral, PublicKeyToken=b03f5f7f11d50a3a" className="Blog.DAL.Tests.RepositoryTests, Blog.DAL.Tests, Version=1.0.0.0, Culture=neutral, PublicKeyToken=null" name="GetAllPost_OnePostInDb_ReturnOnePost" />
    </UnitTest>
  </TestDefinitions>
  <TestLists>
    <TestList name="Results Not in a List" id="8c84fa94-04c1-424b-9868-57a2d4851a1d" />
    <TestList name="All Loaded Results" id="19431567-8539-422a-85d7-44ee4e166bda" />
  </TestLists>
  <TestEntries>
    <TestEntry testId="8eb3fc89-a933-3141-9fc4-10d31ead6588" executionId="8610424c-8282-4cf8-bab7-e71d3b69ab61" testListId="8c84fa94-04c1-424b-9868-57a2d4851a1d" />
  </TestEntries>
  <Results>
    <UnitTestResult executionId="8610424c-8282-4cf8-bab7-e71d3b69ab61" testId="8eb3fc89-a933-3141-9fc4-10d31ead6588" testName="GetAllPost_OnePostInDb_ReturnOnePost" computerName="KOMP055" duration="00:00:00.5960581" startTime="2016-01-26T15:52:01.2203125+01:00" endTime="2016-01-26T15:52:01.9294378+01:00" testType="13cdc9d9-ddb5-4fa4-a97d-d965ccfc6d4b" outcome="Passed" testListId="8c84fa94-04c1-424b-9868-57a2d4851a1d" relativeResultsDirectory="8610424c-8282-4cf8-bab7-e71d3b69ab61">
    </UnitTestResult>
  </Results>
</TestRun>